<?xml version="1.0" encoding="UTF-8"?>
<testng-results skipped="0" failed="0" ignored="0" total="0" passed="0">
  <reporter-output>
  </reporter-output>
  <suite name="AutomationFramework.AutomationFramework.AppTest" duration-ms="6" started-at="2020-12-10T23:05:02 IST" finished-at="2020-12-10T23:05:02 IST">
    <groups>
    </groups>
    <test name="Command line test" duration-ms="6" started-at="2020-12-10T23:05:02 IST" finished-at="2020-12-10T23:05:02 IST">
    </test> <!-- Command line test -->
  </suite> <!-- AutomationFramework.AutomationFramework.AppTest -->
</testng-results>
